[ 2018-03-24T14:19:52+08:00 ] ::1 /
INFO: [ app_init ] --START--
INFO: Run Behavior\BuildLiteBehavior [ RunTime:0.000014s ]
INFO: Run Common\Behavior\InitHookBehavior [ RunTime:0.005438s ]
INFO: [ app_init ] --END-- [ RunTime:0.006114s ]
INFO: [ app_begin ] --START--
INFO: Run Behavior\ReadHtmlCacheBehavior [ RunTime:0.001743s ]
INFO: [ app_begin ] --END-- [ RunTime:0.001947s ]
SQL: SHOW COLUMNS FROM `ta_config` [ RunTime:0.0091s ]
SQL: SELECT `type`,`name`,`value` FROM `ta_config` WHERE `status` = 1  [ RunTime:0.0010s ]
SQL: SHOW COLUMNS FROM `ta_category` [ RunTime:0.0083s ]
SQL: SELECT `id`,`name`,`title`,`pid`,`sort`,`list_row`,`meta_title`,`keywords`,`description`,`template_index`,`template_lists`,`template_detail`,`template_edit`,`model`,`model_sub`,`type`,`link_id`,`allow_publish`,`display`,`reply`,`check`,`reply_model`,`extend`,`create_time`,`update_time`,`status`,`icon`,`groups` FROM `ta_category` WHERE `status` = 1 ORDER BY sort  [ RunTime:0.0008s ]
SQL: SHOW COLUMNS FROM `ta_document` [ RunTime:0.0086s ]
SQL: SELECT `id`,`uid`,`name`,`title`,`category_id`,`group_id`,`description`,`root`,`pid`,`model_id`,`type`,`position`,`link_id`,`cover_id`,`display`,`deadline`,`attach`,`view`,`comment`,`extend`,`level`,`create_time`,`update_time`,`status` FROM `ta_document` WHERE `status` = 1 AND `pid` = 0 AND `create_time` < 1521872391 AND ( deadline = 0 OR deadline > 1521872391 ) ORDER BY `id` DESC  [ RunTime:0.0105s ]
INFO: [ view_parse ] --START--
INFO: [ template_filter ] --START--
INFO: Run Behavior\ContentReplaceBehavior [ RunTime:0.000285s ]
INFO: [ template_filter ] --END-- [ RunTime:0.000403s ]
SQL: SHOW COLUMNS FROM `ta_channel` [ RunTime:0.0095s ]
SQL: SELECT `id`,`pid`,`title`,`url`,`sort`,`create_time`,`update_time`,`status`,`target` FROM `ta_channel` WHERE ( status=1 ) ORDER BY sort  [ RunTime:0.0007s ]
SQL: SELECT `id`,`name`,`title`,`pid`,`sort`,`list_row`,`meta_title`,`keywords`,`description`,`template_index`,`template_lists`,`template_detail`,`template_edit`,`model`,`model_sub`,`type`,`link_id`,`allow_publish`,`display`,`reply`,`check`,`reply_model`,`extend`,`create_time`,`update_time`,`status`,`icon`,`groups` FROM `ta_category` WHERE `id` = 1 LIMIT 1   [ RunTime:0.0009s ]
SQL: SELECT `id`,`name`,`pid`,`title`,`link_id` FROM `ta_category` WHERE `status` = 1 ORDER BY sort  [ RunTime:0.0008s ]
INFO: [ view_parse ] --START--
INFO: [ template_filter ] --START--
INFO: Run Behavior\ContentReplaceBehavior [ RunTime:0.000047s ]
INFO: [ template_filter ] --END-- [ RunTime:-0.074039s ]
INFO: Run Behavior\ParseTemplateBehavior [ RunTime:0.006615s ]
INFO: [ view_parse ] --END-- [ RunTime:0.006684s ]
INFO: [ view_filter ] --START--
INFO: Run Behavior\WriteHtmlCacheBehavior [ RunTime:0.000890s ]
INFO: [ view_filter ] --END-- [ RunTime:0.000944s ]
SQL: SELECT `id`,`name`,`title`,`pid`,`sort`,`list_row`,`meta_title`,`keywords`,`description`,`template_index`,`template_lists`,`template_detail`,`template_edit`,`model`,`model_sub`,`type`,`link_id`,`allow_publish`,`display`,`reply`,`check`,`reply_model`,`extend`,`create_time`,`update_time`,`status`,`icon`,`groups` FROM `ta_category` WHERE `id` = 1 LIMIT 1   [ RunTime:0.0010s ]
SQL: SELECT `id`,`name`,`pid`,`title`,`link_id` FROM `ta_category` WHERE `status` = 1 ORDER BY sort  [ RunTime:0.0010s ]
SQL: SELECT `id`,`uid`,`name`,`title`,`category_id`,`group_id`,`description`,`root`,`pid`,`model_id`,`type`,`position`,`link_id`,`cover_id`,`display`,`deadline`,`attach`,`view`,`comment`,`extend`,`level`,`create_time`,`update_time`,`status` FROM `ta_document` WHERE `status` = 1 AND `pid` = 0 AND `category_id` IN ('1','2') AND `create_time` < 1521872391 AND ( deadline = 0 OR deadline > 1521872391 ) ORDER BY `level` DESC,`id` DESC LIMIT 0,10   [ RunTime:0.0010s ]
INFO: Run Behavior\ParseTemplateBehavior [ RunTime:0.067737s ]
INFO: [ view_parse ] --END-- [ RunTime:0.006684s ]
INFO: [ view_filter ] --START--
INFO: Run Behavior\WriteHtmlCacheBehavior [ RunTime:0.000011s ]
INFO: [ view_filter ] --END-- [ RunTime:-0.060171s ]
INFO: [ app_end ] --START--
INFO: Run Behavior\ShowPageTraceBehavior [ RunTime:0.001000s ]
INFO: [ app_end ] --END-- [ RunTime:0.001038s ]

[ 2018-03-24T14:52:29+08:00 ] ::1 /
INFO: [ app_init ] --START--
INFO: Run Behavior\BuildLiteBehavior [ RunTime:0.000024s ]
INFO: Run Common\Behavior\InitHookBehavior [ RunTime:0.003913s ]
INFO: [ app_init ] --END-- [ RunTime:0.004742s ]
INFO: [ app_begin ] --START--
INFO: Run Behavior\ReadHtmlCacheBehavior [ RunTime:0.000517s ]
INFO: [ app_begin ] --END-- [ RunTime:0.000588s ]
SQL: SHOW COLUMNS FROM `ta_config` [ RunTime:0.0098s ]
SQL: SELECT `type`,`name`,`value` FROM `ta_config` WHERE `status` = 1  [ RunTime:0.0012s ]
SQL: SHOW COLUMNS FROM `ta_category` [ RunTime:0.0130s ]
SQL: SELECT `id`,`name`,`title`,`pid`,`sort`,`list_row`,`meta_title`,`keywords`,`description`,`template_index`,`template_lists`,`template_detail`,`template_edit`,`model`,`model_sub`,`type`,`link_id`,`allow_publish`,`display`,`reply`,`check`,`reply_model`,`extend`,`create_time`,`update_time`,`status`,`icon`,`groups` FROM `ta_category` WHERE `status` = 1 ORDER BY sort  [ RunTime:0.0011s ]
SQL: SHOW COLUMNS FROM `ta_document` [ RunTime:0.0144s ]
SQL: SELECT `id`,`uid`,`name`,`title`,`category_id`,`group_id`,`description`,`root`,`pid`,`model_id`,`type`,`position`,`link_id`,`cover_id`,`display`,`deadline`,`attach`,`view`,`comment`,`extend`,`level`,`create_time`,`update_time`,`status` FROM `ta_document` WHERE `status` = 1 AND `pid` = 0 AND `create_time` < 1521874349 AND ( deadline = 0 OR deadline > 1521874349 ) ORDER BY `id` DESC  [ RunTime:0.0017s ]
INFO: [ view_parse ] --START--
INFO: [ template_filter ] --START--
INFO: Run Behavior\ContentReplaceBehavior [ RunTime:0.001575s ]
INFO: [ template_filter ] --END-- [ RunTime:0.002028s ]
SQL: SHOW COLUMNS FROM `ta_channel` [ RunTime:0.0148s ]
SQL: SELECT `id`,`pid`,`title`,`group`,`url`,`sort`,`create_time`,`update_time`,`status`,`target` FROM `ta_channel` WHERE ( status=1 ) ORDER BY sort  [ RunTime:0.0021s ]
SQL: SELECT `id`,`name`,`title`,`pid`,`sort`,`list_row`,`meta_title`,`keywords`,`description`,`template_index`,`template_lists`,`template_detail`,`template_edit`,`model`,`model_sub`,`type`,`link_id`,`allow_publish`,`display`,`reply`,`check`,`reply_model`,`extend`,`create_time`,`update_time`,`status`,`icon`,`groups` FROM `ta_category` WHERE `id` = 1 LIMIT 1   [ RunTime:0.0013s ]
SQL: SELECT `id`,`name`,`pid`,`title`,`link_id` FROM `ta_category` WHERE `status` = 1 ORDER BY sort  [ RunTime:0.0018s ]
INFO: [ view_parse ] --START--
INFO: [ template_filter ] --START--
INFO: Run Behavior\ContentReplaceBehavior [ RunTime:0.000065s ]
INFO: [ template_filter ] --END-- [ RunTime:-0.042377s ]
INFO: Run Behavior\ParseTemplateBehavior [ RunTime:0.010049s ]
INFO: [ view_parse ] --END-- [ RunTime:0.010131s ]
INFO: [ view_filter ] --START--
INFO: Run Behavior\WriteHtmlCacheBehavior [ RunTime:0.000646s ]
INFO: [ view_filter ] --END-- [ RunTime:0.000682s ]
SQL: SELECT `id`,`name`,`title`,`pid`,`sort`,`list_row`,`meta_title`,`keywords`,`description`,`template_index`,`template_lists`,`template_detail`,`template_edit`,`model`,`model_sub`,`type`,`link_id`,`allow_publish`,`display`,`reply`,`check`,`reply_model`,`extend`,`create_time`,`update_time`,`status`,`icon`,`groups` FROM `ta_category` WHERE `id` = 1 LIMIT 1   [ RunTime:0.0007s ]
SQL: SELECT `id`,`name`,`pid`,`title`,`link_id` FROM `ta_category` WHERE `status` = 1 ORDER BY sort  [ RunTime:0.0004s ]
SQL: SELECT `id`,`uid`,`name`,`title`,`category_id`,`group_id`,`description`,`root`,`pid`,`model_id`,`type`,`position`,`link_id`,`cover_id`,`display`,`deadline`,`attach`,`view`,`comment`,`extend`,`level`,`create_time`,`update_time`,`status` FROM `ta_document` WHERE `status` = 1 AND `pid` = 0 AND `category_id` IN ('1','2') AND `create_time` < 1521874349 AND ( deadline = 0 OR deadline > 1521874349 ) ORDER BY `level` DESC,`id` DESC LIMIT 0,10   [ RunTime:0.0024s ]
INFO: Run Behavior\ParseTemplateBehavior [ RunTime:0.018785s ]
INFO: [ view_parse ] --END-- [ RunTime:0.010131s ]
INFO: [ view_filter ] --START--
INFO: Run Behavior\WriteHtmlCacheBehavior [ RunTime:0.000015s ]
INFO: [ view_filter ] --END-- [ RunTime:-0.008078s ]
INFO: [ app_end ] --START--
INFO: Run Behavior\ShowPageTraceBehavior [ RunTime:0.002031s ]
INFO: [ app_end ] --END-- [ RunTime:0.002345s ]

[ 2018-03-24T14:52:38+08:00 ] ::1 /
INFO: [ app_init ] --START--
INFO: Run Behavior\BuildLiteBehavior [ RunTime:0.000022s ]
INFO: Run Common\Behavior\InitHookBehavior [ RunTime:0.002352s ]
INFO: [ app_init ] --END-- [ RunTime:0.003034s ]
INFO: [ app_begin ] --START--
INFO: Run Behavior\ReadHtmlCacheBehavior [ RunTime:0.000799s ]
INFO: [ app_begin ] --END-- [ RunTime:0.000894s ]
SQL: SHOW COLUMNS FROM `ta_config` [ RunTime:0.0125s ]
SQL: SELECT `type`,`name`,`value` FROM `ta_config` WHERE `status` = 1  [ RunTime:0.0017s ]
SQL: SHOW COLUMNS FROM `ta_category` [ RunTime:0.0182s ]
SQL: SELECT `id`,`name`,`title`,`pid`,`sort`,`list_row`,`meta_title`,`keywords`,`description`,`template_index`,`template_lists`,`template_detail`,`template_edit`,`model`,`model_sub`,`type`,`link_id`,`allow_publish`,`display`,`reply`,`check`,`reply_model`,`extend`,`create_time`,`update_time`,`status`,`icon`,`groups` FROM `ta_category` WHERE `status` = 1 ORDER BY sort  [ RunTime:0.0011s ]
SQL: SHOW COLUMNS FROM `ta_document` [ RunTime:0.0151s ]
SQL: SELECT `id`,`uid`,`name`,`title`,`category_id`,`group_id`,`description`,`root`,`pid`,`model_id`,`type`,`position`,`link_id`,`cover_id`,`display`,`deadline`,`attach`,`view`,`comment`,`extend`,`level`,`create_time`,`update_time`,`status` FROM `ta_document` WHERE `status` = 1 AND `pid` = 0 AND `create_time` < 1521874358 AND ( deadline = 0 OR deadline > 1521874358 ) ORDER BY `id` DESC  [ RunTime:0.0007s ]
INFO: [ view_parse ] --START--
INFO: [ template_filter ] --START--
INFO: Run Behavior\ContentReplaceBehavior [ RunTime:0.000303s ]
INFO: [ template_filter ] --END-- [ RunTime:0.001034s ]
SQL: SHOW COLUMNS FROM `ta_channel` [ RunTime:0.0094s ]
SQL: SELECT `id`,`pid`,`title`,`group`,`url`,`sort`,`create_time`,`update_time`,`status`,`target` FROM `ta_channel` WHERE ( status=1 ) ORDER BY sort  [ RunTime:0.0022s ]
SQL: SELECT `id`,`name`,`title`,`pid`,`sort`,`list_row`,`meta_title`,`keywords`,`description`,`template_index`,`template_lists`,`template_detail`,`template_edit`,`model`,`model_sub`,`type`,`link_id`,`allow_publish`,`display`,`reply`,`check`,`reply_model`,`extend`,`create_time`,`update_time`,`status`,`icon`,`groups` FROM `ta_category` WHERE `id` = 1 LIMIT 1   [ RunTime:0.0009s ]
SQL: SELECT `id`,`name`,`pid`,`title`,`link_id` FROM `ta_category` WHERE `status` = 1 ORDER BY sort  [ RunTime:0.0009s ]
INFO: [ view_parse ] --START--
INFO: [ template_filter ] --START--
INFO: Run Behavior\ContentReplaceBehavior [ RunTime:0.000037s ]
INFO: [ template_filter ] --END-- [ RunTime:-0.026852s ]
INFO: Run Behavior\ParseTemplateBehavior [ RunTime:0.005567s ]
INFO: [ view_parse ] --END-- [ RunTime:0.005659s ]
INFO: [ view_filter ] --START--
INFO: Run Behavior\WriteHtmlCacheBehavior [ RunTime:0.000682s ]
INFO: [ view_filter ] --END-- [ RunTime:0.000728s ]
SQL: SELECT `id`,`name`,`title`,`pid`,`sort`,`list_row`,`meta_title`,`keywords`,`description`,`template_index`,`template_lists`,`template_detail`,`template_edit`,`model`,`model_sub`,`type`,`link_id`,`allow_publish`,`display`,`reply`,`check`,`reply_model`,`extend`,`create_time`,`update_time`,`status`,`icon`,`groups` FROM `ta_category` WHERE `id` = 1 LIMIT 1   [ RunTime:0.0008s ]
SQL: SELECT `id`,`name`,`pid`,`title`,`link_id` FROM `ta_category` WHERE `status` = 1 ORDER BY sort  [ RunTime:0.0017s ]
SQL: SELECT `id`,`uid`,`name`,`title`,`category_id`,`group_id`,`description`,`root`,`pid`,`model_id`,`type`,`position`,`link_id`,`cover_id`,`display`,`deadline`,`attach`,`view`,`comment`,`extend`,`level`,`create_time`,`update_time`,`status` FROM `ta_document` WHERE `status` = 1 AND `pid` = 0 AND `category_id` IN ('1','2') AND `create_time` < 1521874358 AND ( deadline = 0 OR deadline > 1521874358 ) ORDER BY `level` DESC,`id` DESC LIMIT 0,10   [ RunTime:0.0011s ]
INFO: Run Behavior\ParseTemplateBehavior [ RunTime:0.013910s ]
INFO: [ view_parse ] --END-- [ RunTime:0.005659s ]
INFO: [ view_filter ] --START--
INFO: Run Behavior\WriteHtmlCacheBehavior [ RunTime:0.000021s ]
INFO: [ view_filter ] --END-- [ RunTime:-0.007614s ]
INFO: [ app_end ] --START--
INFO: Run Behavior\ShowPageTraceBehavior [ RunTime:0.002568s ]
INFO: [ app_end ] --END-- [ RunTime:0.002657s ]

