[ 2018-02-28T17:27:36+08:00 ] ::1 /taotao/index.php
INFO: [ app_init ] --START--
INFO: Run Behavior\BuildLiteBehavior [ RunTime:0.000014s ]
INFO: [ app_init ] --END-- [ RunTime:0.000994s ]
INFO: [ app_begin ] --START--
INFO: Run Behavior\ReadHtmlCacheBehavior [ RunTime:0.001754s ]
INFO: [ app_begin ] --END-- [ RunTime:0.001840s ]
ERR: 非法操作:index

[ 2018-02-28T17:28:14+08:00 ] ::1 /taotao/index.php
INFO: [ app_init ] --START--
INFO: Run Behavior\BuildLiteBehavior [ RunTime:0.000020s ]
INFO: [ app_init ] --END-- [ RunTime:0.000921s ]
INFO: [ app_begin ] --START--
INFO: Run Behavior\ReadHtmlCacheBehavior [ RunTime:0.001087s ]
INFO: [ app_begin ] --END-- [ RunTime:0.001161s ]
NOTIC: [2048] Declaration of Home\Controller\IndexController::show() should be compatible with Think\Controller::show($content, $charset = '', $contentType = '', $prefix = '') E:\Web\Apache24\htdocs\taotao\Application\Home\Controller\IndexController.class.php 第 16 行.
INFO: [ app_end ] --START--
INFO: Run Behavior\ShowPageTraceBehavior [ RunTime:0.000781s ]
INFO: [ app_end ] --END-- [ RunTime:0.000845s ]

[ 2018-02-28T17:28:26+08:00 ] ::1 /taotao/index.php/home/test/test
INFO: [ app_init ] --START--
INFO: Run Behavior\BuildLiteBehavior [ RunTime:0.000013s ]
INFO: [ app_init ] --END-- [ RunTime:0.000360s ]
INFO: [ app_begin ] --START--
INFO: Run Behavior\ReadHtmlCacheBehavior [ RunTime:0.000502s ]
INFO: [ app_begin ] --END-- [ RunTime:0.000545s ]
ERR: 无法加载控制器:Test

[ 2018-02-28T17:28:48+08:00 ] ::1 /taotao/index.php/home/Test/test
INFO: [ app_init ] --START--
INFO: Run Behavior\BuildLiteBehavior [ RunTime:0.000014s ]
INFO: [ app_init ] --END-- [ RunTime:0.000558s ]
INFO: [ app_begin ] --START--
INFO: Run Behavior\ReadHtmlCacheBehavior [ RunTime:0.000828s ]
INFO: [ app_begin ] --END-- [ RunTime:0.000890s ]
ERR: 无法加载控制器:Test

[ 2018-02-28T17:29:19+08:00 ] ::1 /taotao/index.php/home/test/test
INFO: [ app_init ] --START--
INFO: Run Behavior\BuildLiteBehavior [ RunTime:0.000013s ]
INFO: [ app_init ] --END-- [ RunTime:0.000355s ]
INFO: [ app_begin ] --START--
INFO: Run Behavior\ReadHtmlCacheBehavior [ RunTime:0.000472s ]
INFO: [ app_begin ] --END-- [ RunTime:0.000516s ]
NOTIC: [8] Use of undefined constant __STATIC__ - assumed '__STATIC__' E:\Web\Apache24\htdocs\taotao\Application\Home\Controller\TestController.class.php 第 12 行.
INFO: [ app_end ] --START--
INFO: Run Behavior\ShowPageTraceBehavior [ RunTime:0.000666s ]
INFO: [ app_end ] --END-- [ RunTime:0.000716s ]

[ 2018-02-28T17:30:00+08:00 ] ::1 /taotao/index.php/home/test/test
INFO: [ app_init ] --START--
INFO: Run Behavior\BuildLiteBehavior [ RunTime:0.000022s ]
INFO: [ app_init ] --END-- [ RunTime:0.001054s ]
INFO: [ app_begin ] --START--
INFO: Run Behavior\ReadHtmlCacheBehavior [ RunTime:0.000489s ]
INFO: [ app_begin ] --END-- [ RunTime:0.000535s ]
NOTIC: [8] Use of undefined constant __STATIC__ - assumed '__STATIC__' E:\Web\Apache24\htdocs\taotao\Application\Home\Controller\TestController.class.php 第 12 行.
INFO: [ app_end ] --START--
INFO: Run Behavior\ShowPageTraceBehavior [ RunTime:0.000445s ]
INFO: [ app_end ] --END-- [ RunTime:0.000485s ]

[ 2018-02-28T17:30:00+08:00 ] ::1 /taotao/index.php/home/test/test
INFO: [ app_init ] --START--
INFO: Run Behavior\BuildLiteBehavior [ RunTime:0.000015s ]
INFO: [ app_init ] --END-- [ RunTime:0.000407s ]
INFO: [ app_begin ] --START--
INFO: Run Behavior\ReadHtmlCacheBehavior [ RunTime:0.000785s ]
INFO: [ app_begin ] --END-- [ RunTime:0.000885s ]
NOTIC: [8] Use of undefined constant __STATIC__ - assumed '__STATIC__' E:\Web\Apache24\htdocs\taotao\Application\Home\Controller\TestController.class.php 第 12 行.
INFO: [ app_end ] --START--
INFO: Run Behavior\ShowPageTraceBehavior [ RunTime:0.000535s ]
INFO: [ app_end ] --END-- [ RunTime:0.000603s ]

[ 2018-02-28T17:31:04+08:00 ] ::1 /taotao/index.php/home/test/test
INFO: [ app_init ] --START--
INFO: Run Behavior\BuildLiteBehavior [ RunTime:0.000029s ]
INFO: [ app_init ] --END-- [ RunTime:0.000751s ]
INFO: [ app_begin ] --START--
INFO: Run Behavior\ReadHtmlCacheBehavior [ RunTime:0.000762s ]
INFO: [ app_begin ] --END-- [ RunTime:0.000818s ]
NOTIC: [8] Use of undefined constant __STATIC__ - assumed '__STATIC__' E:\Web\Apache24\htdocs\taotao\Application\Home\Controller\TestController.class.php 第 12 行.
INFO: [ app_end ] --START--
INFO: Run Behavior\ShowPageTraceBehavior [ RunTime:0.000758s ]
INFO: [ app_end ] --END-- [ RunTime:0.000811s ]

[ 2018-02-28T17:31:04+08:00 ] ::1 /taotao/index.php/home/test/test
INFO: [ app_init ] --START--
INFO: Run Behavior\BuildLiteBehavior [ RunTime:0.000040s ]
INFO: [ app_init ] --END-- [ RunTime:0.000795s ]
INFO: [ app_begin ] --START--
INFO: Run Behavior\ReadHtmlCacheBehavior [ RunTime:0.000738s ]
INFO: [ app_begin ] --END-- [ RunTime:0.000816s ]
NOTIC: [8] Use of undefined constant __STATIC__ - assumed '__STATIC__' E:\Web\Apache24\htdocs\taotao\Application\Home\Controller\TestController.class.php 第 12 行.
INFO: [ app_end ] --START--
INFO: Run Behavior\ShowPageTraceBehavior [ RunTime:0.000781s ]
INFO: [ app_end ] --END-- [ RunTime:0.000858s ]

[ 2018-02-28T17:31:15+08:00 ] ::1 /taotao/index.php/home/test/test
INFO: [ app_init ] --START--
INFO: Run Behavior\BuildLiteBehavior [ RunTime:0.000021s ]
INFO: [ app_init ] --END-- [ RunTime:0.000615s ]
INFO: [ app_begin ] --START--
INFO: Run Behavior\ReadHtmlCacheBehavior [ RunTime:0.000479s ]
INFO: [ app_begin ] --END-- [ RunTime:0.000527s ]
NOTIC: [8] Use of undefined constant __STATIC__ - assumed '__STATIC__' E:\Web\Apache24\htdocs\taotao\Application\Home\Controller\TestController.class.php 第 12 行.
INFO: [ app_end ] --START--
INFO: Run Behavior\ShowPageTraceBehavior [ RunTime:0.000691s ]
INFO: [ app_end ] --END-- [ RunTime:0.000770s ]

[ 2018-02-28T17:31:15+08:00 ] ::1 /taotao/index.php/home/test/test
INFO: [ app_init ] --START--
INFO: Run Behavior\BuildLiteBehavior [ RunTime:0.000023s ]
INFO: [ app_init ] --END-- [ RunTime:0.000541s ]
INFO: [ app_begin ] --START--
INFO: Run Behavior\ReadHtmlCacheBehavior [ RunTime:0.000736s ]
INFO: [ app_begin ] --END-- [ RunTime:0.000820s ]
NOTIC: [8] Use of undefined constant __STATIC__ - assumed '__STATIC__' E:\Web\Apache24\htdocs\taotao\Application\Home\Controller\TestController.class.php 第 12 行.
INFO: [ app_end ] --START--
INFO: Run Behavior\ShowPageTraceBehavior [ RunTime:0.000636s ]
INFO: [ app_end ] --END-- [ RunTime:0.000692s ]

[ 2018-02-28T17:32:07+08:00 ] ::1 /taotao/index.php/home/test/test
INFO: [ app_init ] --START--
INFO: Run Behavior\BuildLiteBehavior [ RunTime:0.000013s ]
INFO: [ app_init ] --END-- [ RunTime:0.000389s ]
INFO: [ app_begin ] --START--
INFO: Run Behavior\ReadHtmlCacheBehavior [ RunTime:0.000442s ]
INFO: [ app_begin ] --END-- [ RunTime:0.000495s ]
NOTIC: [8] Use of undefined constant __STATIC__ - assumed '__STATIC__' E:\Web\Apache24\htdocs\taotao\Application\Home\Controller\TestController.class.php 第 12 行.
INFO: [ app_end ] --START--
INFO: Run Behavior\ShowPageTraceBehavior [ RunTime:0.000809s ]
INFO: [ app_end ] --END-- [ RunTime:0.000865s ]

[ 2018-02-28T17:33:11+08:00 ] ::1 /taotao/index.php/home/test/test
INFO: [ app_init ] --START--
INFO: Run Behavior\BuildLiteBehavior [ RunTime:0.000020s ]
INFO: [ app_init ] --END-- [ RunTime:0.000925s ]
INFO: [ app_begin ] --START--
INFO: Run Behavior\ReadHtmlCacheBehavior [ RunTime:0.000942s ]
INFO: [ app_begin ] --END-- [ RunTime:0.001035s ]
NOTIC: [8] Use of undefined constant __STATIC__ - assumed '__STATIC__' E:\Web\Apache24\htdocs\taotao\Application\Home\Controller\TestController.class.php 第 12 行.
INFO: [ app_end ] --START--
INFO: Run Behavior\ShowPageTraceBehavior [ RunTime:0.000545s ]
INFO: [ app_end ] --END-- [ RunTime:0.000597s ]

[ 2018-02-28T17:33:12+08:00 ] ::1 /taotao/index.php/home/test/test
INFO: [ app_init ] --START--
INFO: Run Behavior\BuildLiteBehavior [ RunTime:0.000018s ]
INFO: [ app_init ] --END-- [ RunTime:0.000395s ]
INFO: [ app_begin ] --START--
INFO: Run Behavior\ReadHtmlCacheBehavior [ RunTime:0.000427s ]
INFO: [ app_begin ] --END-- [ RunTime:0.000469s ]
NOTIC: [8] Use of undefined constant __STATIC__ - assumed '__STATIC__' E:\Web\Apache24\htdocs\taotao\Application\Home\Controller\TestController.class.php 第 12 行.
INFO: [ app_end ] --START--
INFO: Run Behavior\ShowPageTraceBehavior [ RunTime:0.000732s ]
INFO: [ app_end ] --END-- [ RunTime:0.000810s ]

[ 2018-02-28T17:33:12+08:00 ] ::1 /taotao/index.php/home/test/test
INFO: [ app_init ] --START--
INFO: Run Behavior\BuildLiteBehavior [ RunTime:0.000020s ]
INFO: [ app_init ] --END-- [ RunTime:0.000663s ]
INFO: [ app_begin ] --START--
INFO: Run Behavior\ReadHtmlCacheBehavior [ RunTime:0.000677s ]
INFO: [ app_begin ] --END-- [ RunTime:0.000744s ]
NOTIC: [8] Use of undefined constant __STATIC__ - assumed '__STATIC__' E:\Web\Apache24\htdocs\taotao\Application\Home\Controller\TestController.class.php 第 12 行.
INFO: [ app_end ] --START--
INFO: Run Behavior\ShowPageTraceBehavior [ RunTime:0.000785s ]
INFO: [ app_end ] --END-- [ RunTime:0.000860s ]

[ 2018-02-28T17:33:13+08:00 ] ::1 /taotao/index.php/home/test/test
INFO: [ app_init ] --START--
INFO: Run Behavior\BuildLiteBehavior [ RunTime:0.000023s ]
INFO: [ app_init ] --END-- [ RunTime:0.000579s ]
INFO: [ app_begin ] --START--
INFO: Run Behavior\ReadHtmlCacheBehavior [ RunTime:0.000618s ]
INFO: [ app_begin ] --END-- [ RunTime:0.000713s ]
NOTIC: [8] Use of undefined constant __STATIC__ - assumed '__STATIC__' E:\Web\Apache24\htdocs\taotao\Application\Home\Controller\TestController.class.php 第 12 行.
INFO: [ app_end ] --START--
INFO: Run Behavior\ShowPageTraceBehavior [ RunTime:0.000668s ]
INFO: [ app_end ] --END-- [ RunTime:0.000756s ]

[ 2018-02-28T17:33:28+08:00 ] ::1 /taotao/index.php/home/test/test
INFO: [ app_init ] --START--
INFO: Run Behavior\BuildLiteBehavior [ RunTime:0.000014s ]
INFO: [ app_init ] --END-- [ RunTime:0.000477s ]
INFO: [ app_begin ] --START--
INFO: Run Behavior\ReadHtmlCacheBehavior [ RunTime:0.000466s ]
INFO: [ app_begin ] --END-- [ RunTime:0.000520s ]
NOTIC: [8] Use of undefined constant __STATIC__ - assumed '__STATIC__' E:\Web\Apache24\htdocs\taotao\Application\Home\Controller\TestController.class.php 第 12 行.
INFO: [ app_end ] --START--
INFO: Run Behavior\ShowPageTraceBehavior [ RunTime:0.000447s ]
INFO: [ app_end ] --END-- [ RunTime:0.000486s ]

[ 2018-02-28T17:33:29+08:00 ] ::1 /taotao/index.php/home/test/test
INFO: [ app_init ] --START--
INFO: Run Behavior\BuildLiteBehavior [ RunTime:0.000042s ]
INFO: [ app_init ] --END-- [ RunTime:0.001408s ]
INFO: [ app_begin ] --START--
INFO: Run Behavior\ReadHtmlCacheBehavior [ RunTime:0.000561s ]
INFO: [ app_begin ] --END-- [ RunTime:0.000631s ]
NOTIC: [8] Use of undefined constant __STATIC__ - assumed '__STATIC__' E:\Web\Apache24\htdocs\taotao\Application\Home\Controller\TestController.class.php 第 12 行.
INFO: [ app_end ] --START--
INFO: Run Behavior\ShowPageTraceBehavior [ RunTime:0.000463s ]
INFO: [ app_end ] --END-- [ RunTime:0.000507s ]

[ 2018-02-28T17:33:29+08:00 ] ::1 /taotao/index.php/home/test/test
INFO: [ app_init ] --START--
INFO: Run Behavior\BuildLiteBehavior [ RunTime:0.000020s ]
INFO: [ app_init ] --END-- [ RunTime:0.000570s ]
INFO: [ app_begin ] --START--
INFO: Run Behavior\ReadHtmlCacheBehavior [ RunTime:0.000493s ]
INFO: [ app_begin ] --END-- [ RunTime:0.000541s ]
NOTIC: [8] Use of undefined constant __STATIC__ - assumed '__STATIC__' E:\Web\Apache24\htdocs\taotao\Application\Home\Controller\TestController.class.php 第 12 行.
INFO: [ app_end ] --START--
INFO: Run Behavior\ShowPageTraceBehavior [ RunTime:0.000434s ]
INFO: [ app_end ] --END-- [ RunTime:0.000472s ]

[ 2018-02-28T17:35:20+08:00 ] ::1 /taotao/index.php/home/test/test
INFO: [ app_init ] --START--
INFO: Run Behavior\BuildLiteBehavior [ RunTime:0.000021s ]
INFO: [ app_init ] --END-- [ RunTime:0.000470s ]
INFO: [ app_begin ] --START--
INFO: Run Behavior\ReadHtmlCacheBehavior [ RunTime:0.001226s ]
INFO: [ app_begin ] --END-- [ RunTime:0.001313s ]
NOTIC: [8] Use of undefined constant __STATIC__ - assumed '__STATIC__' E:\Web\Apache24\htdocs\taotao\Application\Home\Controller\TestController.class.php 第 12 行.
NOTIC: [8] Use of undefined constant TMPL_EXCEPTION_FILE - assumed 'TMPL_EXCEPTION_FILE' E:\Web\Apache24\htdocs\taotao\Application\Home\Controller\TestController.class.php 第 13 行.
INFO: [ app_end ] --START--
INFO: Run Behavior\ShowPageTraceBehavior [ RunTime:0.000733s ]
INFO: [ app_end ] --END-- [ RunTime:0.000788s ]

[ 2018-02-28T17:35:21+08:00 ] ::1 /taotao/index.php/home/test/test
INFO: [ app_init ] --START--
INFO: Run Behavior\BuildLiteBehavior [ RunTime:0.000017s ]
INFO: [ app_init ] --END-- [ RunTime:0.000536s ]
INFO: [ app_begin ] --START--
INFO: Run Behavior\ReadHtmlCacheBehavior [ RunTime:0.000563s ]
INFO: [ app_begin ] --END-- [ RunTime:0.000648s ]
NOTIC: [8] Use of undefined constant __STATIC__ - assumed '__STATIC__' E:\Web\Apache24\htdocs\taotao\Application\Home\Controller\TestController.class.php 第 12 行.
NOTIC: [8] Use of undefined constant TMPL_EXCEPTION_FILE - assumed 'TMPL_EXCEPTION_FILE' E:\Web\Apache24\htdocs\taotao\Application\Home\Controller\TestController.class.php 第 13 行.
INFO: [ app_end ] --START--
INFO: Run Behavior\ShowPageTraceBehavior [ RunTime:0.000595s ]
INFO: [ app_end ] --END-- [ RunTime:0.000651s ]

[ 2018-02-28T17:39:53+08:00 ] ::1 /taotao/index.php/home/test/test
INFO: [ app_init ] --START--
INFO: Run Behavior\BuildLiteBehavior [ RunTime:0.000017s ]
INFO: [ app_init ] --END-- [ RunTime:0.000577s ]
INFO: [ app_begin ] --START--
INFO: Run Behavior\ReadHtmlCacheBehavior [ RunTime:0.000766s ]
INFO: [ app_begin ] --END-- [ RunTime:0.000834s ]
NOTIC: [8] Use of undefined constant __STATIC__ - assumed '__STATIC__' E:\Web\Apache24\htdocs\taotao\Application\Home\Controller\TestController.class.php 第 12 行.
NOTIC: [8] Use of undefined constant TMPL_EXCEPTION_FILE - assumed 'TMPL_EXCEPTION_FILE' E:\Web\Apache24\htdocs\taotao\Application\Home\Controller\TestController.class.php 第 13 行.
NOTIC: [8] Array to string conversion E:\Web\Apache24\htdocs\taotao\Application\Home\Controller\TestController.class.php 第 14 行.
INFO: [ app_end ] --START--
INFO: Run Behavior\ShowPageTraceBehavior [ RunTime:0.000664s ]
INFO: [ app_end ] --END-- [ RunTime:0.000707s ]

[ 2018-02-28T17:40:41+08:00 ] ::1 /taotao/index.php/home/test/test
INFO: [ app_init ] --START--
INFO: Run Behavior\BuildLiteBehavior [ RunTime:0.000025s ]
INFO: [ app_init ] --END-- [ RunTime:0.000123s ]
INFO: [ app_begin ] --START--
INFO: Run Behavior\ReadHtmlCacheBehavior [ RunTime:0.000814s ]
INFO: [ app_begin ] --END-- [ RunTime:0.000943s ]
NOTIC: [8] Use of undefined constant __STATIC__ - assumed '__STATIC__' E:\Web\Apache24\htdocs\taotao\Application\Home\Controller\TestController.class.php 第 12 行.
NOTIC: [8] Use of undefined constant TMPL_EXCEPTION_FILE - assumed 'TMPL_EXCEPTION_FILE' E:\Web\Apache24\htdocs\taotao\Application\Home\Controller\TestController.class.php 第 13 行.
NOTIC: [8] Array to string conversion E:\Web\Apache24\htdocs\taotao\Application\Home\Controller\TestController.class.php 第 14 行.
NOTIC: [8] Array to string conversion E:\Web\Apache24\htdocs\taotao\Application\Home\Controller\TestController.class.php 第 15 行.
INFO: [ app_end ] --START--
INFO: Run Behavior\ShowPageTraceBehavior [ RunTime:0.000517s ]
INFO: [ app_end ] --END-- [ RunTime:0.000563s ]

[ 2018-02-28T17:41:36+08:00 ] ::1 /taotao/index.php/home/test/test
INFO: [ app_init ] --START--
INFO: Run Behavior\BuildLiteBehavior [ RunTime:0.000014s ]
INFO: [ app_init ] --END-- [ RunTime:0.000074s ]
INFO: [ app_begin ] --START--
INFO: Run Behavior\ReadHtmlCacheBehavior [ RunTime:0.000610s ]
INFO: [ app_begin ] --END-- [ RunTime:0.000671s ]
NOTIC: [8] Use of undefined constant __STATIC__ - assumed '__STATIC__' E:\Web\Apache24\htdocs\taotao\Application\Home\Controller\TestController.class.php 第 12 行.
NOTIC: [8] Use of undefined constant TMPL_EXCEPTION_FILE - assumed 'TMPL_EXCEPTION_FILE' E:\Web\Apache24\htdocs\taotao\Application\Home\Controller\TestController.class.php 第 13 行.
INFO: [ app_end ] --START--
INFO: Run Behavior\ShowPageTraceBehavior [ RunTime:0.001365s ]
INFO: [ app_end ] --END-- [ RunTime:0.001460s ]

[ 2018-02-28T17:42:13+08:00 ] ::1 /taotao/index.php/home/test/test
INFO: [ app_init ] --START--
INFO: Run Behavior\BuildLiteBehavior [ RunTime:0.000015s ]
INFO: [ app_init ] --END-- [ RunTime:0.000063s ]
INFO: [ app_begin ] --START--
INFO: Run Behavior\ReadHtmlCacheBehavior [ RunTime:0.001061s ]
INFO: [ app_begin ] --END-- [ RunTime:0.001134s ]
NOTIC: [8] Use of undefined constant __STATIC__ - assumed '__STATIC__' E:\Web\Apache24\htdocs\taotao\Application\Home\Controller\TestController.class.php 第 12 行.
NOTIC: [8] Use of undefined constant TMPL_EXCEPTION_FILE - assumed 'TMPL_EXCEPTION_FILE' E:\Web\Apache24\htdocs\taotao\Application\Home\Controller\TestController.class.php 第 13 行.
INFO: [ app_end ] --START--
INFO: Run Behavior\ShowPageTraceBehavior [ RunTime:0.000964s ]
INFO: [ app_end ] --END-- [ RunTime:0.001023s ]

[ 2018-02-28T17:42:15+08:00 ] ::1 /taotao/index.php/home/test/test
INFO: [ app_init ] --START--
INFO: Run Behavior\BuildLiteBehavior [ RunTime:0.000011s ]
INFO: [ app_init ] --END-- [ RunTime:0.000052s ]
INFO: [ app_begin ] --START--
INFO: Run Behavior\ReadHtmlCacheBehavior [ RunTime:0.000424s ]
INFO: [ app_begin ] --END-- [ RunTime:0.000494s ]
NOTIC: [8] Use of undefined constant __STATIC__ - assumed '__STATIC__' E:\Web\Apache24\htdocs\taotao\Application\Home\Controller\TestController.class.php 第 12 行.
NOTIC: [8] Use of undefined constant TMPL_EXCEPTION_FILE - assumed 'TMPL_EXCEPTION_FILE' E:\Web\Apache24\htdocs\taotao\Application\Home\Controller\TestController.class.php 第 13 行.
INFO: [ app_end ] --START--
INFO: Run Behavior\ShowPageTraceBehavior [ RunTime:0.000582s ]
INFO: [ app_end ] --END-- [ RunTime:0.000676s ]

[ 2018-02-28T17:42:15+08:00 ] ::1 /taotao/index.php/home/test/test
INFO: [ app_init ] --START--
INFO: Run Behavior\BuildLiteBehavior [ RunTime:0.000025s ]
INFO: [ app_init ] --END-- [ RunTime:0.000129s ]
INFO: [ app_begin ] --START--
INFO: Run Behavior\ReadHtmlCacheBehavior [ RunTime:0.000648s ]
INFO: [ app_begin ] --END-- [ RunTime:0.000716s ]
NOTIC: [8] Use of undefined constant __STATIC__ - assumed '__STATIC__' E:\Web\Apache24\htdocs\taotao\Application\Home\Controller\TestController.class.php 第 12 行.
NOTIC: [8] Use of undefined constant TMPL_EXCEPTION_FILE - assumed 'TMPL_EXCEPTION_FILE' E:\Web\Apache24\htdocs\taotao\Application\Home\Controller\TestController.class.php 第 13 行.
INFO: [ app_end ] --START--
INFO: Run Behavior\ShowPageTraceBehavior [ RunTime:0.000660s ]
INFO: [ app_end ] --END-- [ RunTime:0.000732s ]

[ 2018-02-28T17:42:36+08:00 ] ::1 /taotao/index.php/home/test/test
INFO: [ app_init ] --START--
INFO: Run Behavior\BuildLiteBehavior [ RunTime:0.000011s ]
INFO: [ app_init ] --END-- [ RunTime:0.000057s ]
INFO: [ app_begin ] --START--
INFO: Run Behavior\ReadHtmlCacheBehavior [ RunTime:0.000901s ]
INFO: [ app_begin ] --END-- [ RunTime:0.001040s ]
NOTIC: [8] Use of undefined constant __STATIC__ - assumed '__STATIC__' E:\Web\Apache24\htdocs\taotao\Application\Home\Controller\TestController.class.php 第 12 行.
NOTIC: [8] Use of undefined constant TMPL_EXCEPTION_FILE - assumed 'TMPL_EXCEPTION_FILE' E:\Web\Apache24\htdocs\taotao\Application\Home\Controller\TestController.class.php 第 13 行.
NOTIC: [8] Array to string conversion E:\Web\Apache24\htdocs\taotao\Application\Home\Controller\TestController.class.php 第 14 行.
INFO: [ app_end ] --START--
INFO: Run Behavior\ShowPageTraceBehavior [ RunTime:0.000675s ]
INFO: [ app_end ] --END-- [ RunTime:0.000734s ]

[ 2018-02-28T17:43:00+08:00 ] ::1 /taotao/index.php/home/test/test
INFO: [ app_init ] --START--
INFO: Run Behavior\BuildLiteBehavior [ RunTime:0.000018s ]
INFO: [ app_init ] --END-- [ RunTime:0.000136s ]
INFO: [ app_begin ] --START--
INFO: Run Behavior\ReadHtmlCacheBehavior [ RunTime:0.001540s ]
INFO: [ app_begin ] --END-- [ RunTime:0.001634s ]
NOTIC: [8] Use of undefined constant __STATIC__ - assumed '__STATIC__' E:\Web\Apache24\htdocs\taotao\Application\Home\Controller\TestController.class.php 第 12 行.
NOTIC: [8] Use of undefined constant TMPL_EXCEPTION_FILE - assumed 'TMPL_EXCEPTION_FILE' E:\Web\Apache24\htdocs\taotao\Application\Home\Controller\TestController.class.php 第 13 行.
INFO: [ app_end ] --START--
INFO: Run Behavior\ShowPageTraceBehavior [ RunTime:0.000694s ]
INFO: [ app_end ] --END-- [ RunTime:0.000760s ]

[ 2018-02-28T17:44:27+08:00 ] ::1 /taotao/index.php/home/test/test
INFO: [ app_init ] --START--
INFO: Run Behavior\BuildLiteBehavior [ RunTime:0.000012s ]
INFO: [ app_init ] --END-- [ RunTime:0.000062s ]
INFO: [ app_begin ] --START--
INFO: Run Behavior\ReadHtmlCacheBehavior [ RunTime:0.001145s ]
INFO: [ app_begin ] --END-- [ RunTime:0.001238s ]
NOTIC: [8] Use of undefined constant TMPL_EXCEPTION_FILE - assumed 'TMPL_EXCEPTION_FILE' E:\Web\Apache24\htdocs\taotao\Application\Home\Controller\TestController.class.php 第 12 行.
NOTIC: [8] Use of undefined constant __STATIC__ - assumed '__STATIC__' E:\Web\Apache24\htdocs\taotao\Application\Home\Controller\TestController.class.php 第 14 行.
INFO: [ app_end ] --START--
INFO: Run Behavior\ShowPageTraceBehavior [ RunTime:0.000857s ]
INFO: [ app_end ] --END-- [ RunTime:0.000922s ]

[ 2018-02-28T17:44:41+08:00 ] ::1 /taotao/index.php/home/test/test
INFO: [ app_init ] --START--
INFO: Run Behavior\BuildLiteBehavior [ RunTime:0.000011s ]
INFO: [ app_init ] --END-- [ RunTime:0.000059s ]
INFO: [ app_begin ] --START--
INFO: Run Behavior\ReadHtmlCacheBehavior [ RunTime:0.000492s ]
INFO: [ app_begin ] --END-- [ RunTime:0.000539s ]
NOTIC: [8] Use of undefined constant __STATIC__ - assumed '__STATIC__' E:\Web\Apache24\htdocs\taotao\Application\Home\Controller\TestController.class.php 第 13 行.
INFO: [ app_end ] --START--
INFO: Run Behavior\ShowPageTraceBehavior [ RunTime:0.000475s ]
INFO: [ app_end ] --END-- [ RunTime:0.000519s ]

[ 2018-02-28T17:45:01+08:00 ] ::1 /taotao/index.php/home/test/test
INFO: [ app_init ] --START--
INFO: Run Behavior\BuildLiteBehavior [ RunTime:0.000015s ]
INFO: [ app_init ] --END-- [ RunTime:0.000072s ]
INFO: [ app_begin ] --START--
INFO: Run Behavior\ReadHtmlCacheBehavior [ RunTime:0.000523s ]
INFO: [ app_begin ] --END-- [ RunTime:0.000575s ]

[ 2018-02-28T18:04:22+08:00 ] ::1 /taotao/index.php/home/test/test
INFO: [ app_init ] --START--
INFO: Run Behavior\BuildLiteBehavior [ RunTime:0.000020s ]
INFO: [ app_init ] --END-- [ RunTime:0.000115s ]
INFO: [ app_begin ] --START--
INFO: Run Behavior\ReadHtmlCacheBehavior [ RunTime:0.001180s ]
INFO: [ app_begin ] --END-- [ RunTime:0.001262s ]
INFO: [ app_end ] --START--
INFO: Run Behavior\ShowPageTraceBehavior [ RunTime:0.001014s ]
INFO: [ app_end ] --END-- [ RunTime:0.001086s ]

